PassThroughAdsComponent/build/outputs/logs/manifest-merger-debug-report.txt
-- Merging decision tree log ---
manifest
ADDED from src/main/AndroidManifest.xml:15:1-25:12
INJECTED from src/main/AndroidManifest.xml:15:1-25:12
INJECTED from src/main/AndroidManifest.xml:15:1-25:12
INJECTED from src/main/AndroidManifest.xml:15:1-25:12
INJECTED from src/main/AndroidManifest.xml:15:1-25:12
INJECTED from src/main/AndroidManifest.xml:15:1-25:12
INJECTED from src/main/AndroidManifest.xml:15:1-25:12
	package
		ADDED from src/main/AndroidManifest.xml:16:11-47
		INJECTED from src/main/AndroidManifest.xml
		INJECTED from src/main/AndroidManifest.xml
	android:versionName
		INJECTED from src/main/AndroidManifest.xml
		ADDED from src/main/AndroidManifest.xml:15:1-25:12
		INJECTED from src/main/AndroidManifest.xml
	android:versionCode
		INJECTED from src/main/AndroidManifest.xml
		ADDED from src/main/AndroidManifest.xml:15:1-25:12
		INJECTED from src/main/AndroidManifest.xml
	xmlns:android
		ADDED from src/main/AndroidManifest.xml:15:11-69
application
ADDED from src/main/AndroidManifest.xml:17:5-23:19
	android:label
		ADDED from src/main/AndroidManifest.xml:19:13-45
	android:allowBackup
		ADDED from src/main/AndroidManifest.xml:18:13-39
meta-data#AMZNAP@PassThroughAds
ADDED from src/main/AndroidManifest.xml:21:9-22:95
	android:value
		ADDED from src/main/AndroidManifest.xml:22:20-93
	android:name
		ADDED from src/main/AndroidManifest.xml:21:20-56
uses-sdk
INJECTED from src/main/AndroidManifest.xml reason: use-sdk injection requested
INJECTED from src/main/AndroidManifest.xml
INJECTED from src/main/AndroidManifest.xml
INJECTED from src/main/AndroidManifest.xml
INJECTED from src/main/AndroidManifest.xml
	android:targetSdkVersion
		INJECTED from src/main/AndroidManifest.xml
		ADDED from src/main/AndroidManifest.xml
		INJECTED from src/main/AndroidManifest.xml
	android:minSdkVersion
		INJECTED from src/main/AndroidManifest.xml
		ADDED from src/main/AndroidManifest.xml
		INJECTED from src/main/AndroidManifest.xml